android/app/build/intermediates/manifest_merge_blame_file/debug/processDebugMainManifest/manifest-merger-blame-debug-report.txt
1<?xml version="1.0" encoding="utf-8"?>
2<manifest xmlns:android="http://schemas.android.com/apk/res/android"
3    package="com.planify.app"
4    android:versionCode="1"
5    android:versionName="1.0.0" >
6
7    <uses-sdk
8        android:minSdkVersion="26"
9        android:targetSdkVersion="34" />
10
11    <uses-permission android:name="android.permission.INTERNET" />
11-->src/main/AndroidManifest.xml:2:5-67
11-->src/main/AndroidManifest.xml:2:22-64
12    <uses-permission android:name="android.permission.CAMERA" />
12-->src/main/AndroidManifest.xml:3:5-65
12-->src/main/AndroidManifest.xml:3:22-62
13    <uses-permission android:name="android.permission.ACCESS_NETWORK_STATE" />
13-->src/main/AndroidManifest.xml:4:5-79
13-->src/main/AndroidManifest.xml:4:22-76
14
15    <permission
15-->[androidx.core:core:1.13.1] AndroidManifest.xml:22:5-24:47
16        android:name="com.planify.app.DYNAMIC_RECEIVER_NOT_EXPORTED_PERMISSION"
16-->[androidx.core:core:1.13.1] AndroidManifest.xml:23:9-81
17        android:protectionLevel="signature" />
17-->[androidx.core:core:1.13.1] AndroidManifest.xml:24:9-44
18
19    <uses-permission android:name="com.planify.app.DYNAMIC_RECEIVER_NOT_EXPORTED_PERMISSION" />
19-->[androidx.core:core:1.13.1] AndroidManifest.xml:26:5-97
19-->[androidx.core:core:1.13.1] AndroidManifest.xml:26:22-94
20
21    <application
21-->src/main/AndroidManifest.xml:6:5-22:19
22        android:name="com.planify.app.PlanifyApplication"
22-->src/main/AndroidManifest.xml:7:9-43
23        android:allowBackup="true"
23-->src/main/AndroidManifest.xml:8:9-35
24        android:appComponentFactory="androidx.core.app.CoreComponentFactory"
24-->[androidx.core:core:1.13.1] AndroidManifest.xml:28:18-86
25        android:debuggable="true"
26        android:extractNativeLibs="false"
27        android:icon="@mipmap/ic_launcher"
27-->src/main/AndroidManifest.xml:10:9-43
28        android:label="@string/app_name"
28-->src/main/AndroidManifest.xml:9:9-41
29        android:roundIcon="@mipmap/ic_launcher_round"
29-->src/main/AndroidManifest.xml:11:9-54
30        android:supportsRtl="true"
30-->src/main/AndroidManifest.xml:12:9-35
31        android:theme="@style/Theme.Planify" >
31-->src/main/AndroidManifest.xml:13:9-45
32        <activity
32-->src/main/AndroidManifest.xml:14:9-21:20
33            android:name="com.planify.app.MainActivity"
33-->src/main/AndroidManifest.xml:15:13-41
34            android:exported="true" >
34-->src/main/AndroidManifest.xml:16:13-36
35            <intent-filter>
35-->src/main/AndroidManifest.xml:17:13-20:29
36                <action android:name="android.intent.action.MAIN" />
36-->src/main/AndroidManifest.xml:18:17-69
36-->src/main/AndroidManifest.xml:18:25-66
37
38                <category android:name="android.intent.category.LAUNCHER" />
38-->src/main/AndroidManifest.xml:19:17-77
38-->src/main/AndroidManifest.xml:19:27-74
39            </intent-filter>
40        </activity>
41        <!--
42        Service for holding metadata. Cannot be instantiated.
43        Metadata will be merged from other manifests.
44        -->
45        <service
45-->[androidx.camera:camera-core:1.4.0] AndroidManifest.xml:29:9-33:78
46            android:name="androidx.camera.core.impl.MetadataHolderService"
46-->[androidx.camera:camera-core:1.4.0] AndroidManifest.xml:30:13-75
47            android:enabled="false"
47-->[androidx.camera:camera-core:1.4.0] AndroidManifest.xml:31:13-36
48            android:exported="false" >
48-->[androidx.camera:camera-core:1.4.0] AndroidManifest.xml:32:13-37
49            <meta-data
49-->[androidx.camera:camera-camera2:1.4.0] AndroidManifest.xml:30:13-32:89
50                android:name="androidx.camera.core.impl.MetadataHolderService.DEFAULT_CONFIG_PROVIDER"
50-->[androidx.camera:camera-camera2:1.4.0] AndroidManifest.xml:31:17-103
51                android:value="androidx.camera.camera2.Camera2Config$DefaultProvider" />
51-->[androidx.camera:camera-camera2:1.4.0] AndroidManifest.xml:32:17-86
52        </service>
53        <service
53-->[com.google.android.gms:play-services-mlkit-barcode-scanning:18.3.1] AndroidManifest.xml:9:9-15:19
54            android:name="com.google.mlkit.common.internal.MlKitComponentDiscoveryService"
54-->[com.google.android.gms:play-services-mlkit-barcode-scanning:18.3.1] AndroidManifest.xml:10:13-91
55            android:directBootAware="true"
55-->[com.google.mlkit:common:18.11.0] AndroidManifest.xml:17:13-43
56            android:exported="false" >
56-->[com.google.android.gms:play-services-mlkit-barcode-scanning:18.3.1] AndroidManifest.xml:11:13-37
57            <meta-data
57-->[com.google.android.gms:play-services-mlkit-barcode-scanning:18.3.1] AndroidManifest.xml:12:13-14:85
58                android:name="com.google.firebase.components:com.google.mlkit.vision.barcode.internal.BarcodeRegistrar"
58-->[com.google.android.gms:play-services-mlkit-barcode-scanning:18.3.1] AndroidManifest.xml:13:17-120
59                android:value="com.google.firebase.components.ComponentRegistrar" />
59-->[com.google.android.gms:play-services-mlkit-barcode-scanning:18.3.1] AndroidManifest.xml:14:17-82
60            <meta-data
60-->[com.google.mlkit:vision-common:17.3.0] AndroidManifest.xml:12:13-14:85
61                android:name="com.google.firebase.components:com.google.mlkit.vision.common.internal.VisionCommonRegistrar"
61-->[com.google.mlkit:vision-common:17.3.0] AndroidManifest.xml:13:17-124
62                android:value="com.google.firebase.components.ComponentRegistrar" />
62-->[com.google.mlkit:vision-common:17.3.0] AndroidManifest.xml:14:17-82
63            <meta-data
63-->[com.google.mlkit:common:18.11.0] AndroidManifest.xml:20:13-22:85
64                android:name="com.google.firebase.components:com.google.mlkit.common.internal.CommonComponentRegistrar"
64-->[com.google.mlkit:common:18.11.0] AndroidManifest.xml:21:17-120
65                android:value="com.google.firebase.components.ComponentRegistrar" />
65-->[com.google.mlkit:common:18.11.0] AndroidManifest.xml:22:17-82
66        </service>
67
68        <provider
68-->[com.google.mlkit:common:18.11.0] AndroidManifest.xml:9:9-13:38
69            android:name="com.google.mlkit.common.internal.MlKitInitProvider"
69-->[com.google.mlkit:common:18.11.0] AndroidManifest.xml:10:13-78
70            android:authorities="com.planify.app.mlkitinitprovider"
70-->[com.google.mlkit:common:18.11.0] AndroidManifest.xml:11:13-69
71            android:exported="false"
71-->[com.google.mlkit:common:18.11.0] AndroidManifest.xml:12:13-37
72            android:initOrder="99" />
72-->[com.google.mlkit:common:18.11.0] AndroidManifest.xml:13:13-35
73
74        <activity
74-->[androidx.compose.ui:ui-tooling-android:1.7.4] AndroidManifest.xml:23:9-25:39
75            android:name="androidx.compose.ui.tooling.PreviewActivity"
75-->[androidx.compose.ui:ui-tooling-android:1.7.4] AndroidManifest.xml:24:13-71
76            android:exported="true" />
76-->[androidx.compose.ui:ui-tooling-android:1.7.4] AndroidManifest.xml:25:13-36
77        <activity
77-->[androidx.compose.ui:ui-test-manifest:1.7.4] AndroidManifest.xml:23:9-25:39
78            android:name="androidx.activity.ComponentActivity"
78-->[androidx.compose.ui:ui-test-manifest:1.7.4] AndroidManifest.xml:24:13-63
79            android:exported="true" />
79-->[androidx.compose.ui:ui-test-manifest:1.7.4] AndroidManifest.xml:25:13-36
80        <activity
80-->[com.google.android.gms:play-services-base:18.5.0] AndroidManifest.xml:5:9-173
81            android:name="com.google.android.gms.common.api.GoogleApiActivity"
81-->[com.google.android.gms:play-services-base:18.5.0] AndroidManifest.xml:5:19-85
82            android:exported="false"
82-->[com.google.android.gms:play-services-base:18.5.0] AndroidManifest.xml:5:146-170
83            android:theme="@android:style/Theme.Translucent.NoTitleBar" />
83-->[com.google.android.gms:play-services-base:18.5.0] AndroidManifest.xml:5:86-145
84
85        <meta-data
85-->[com.google.android.gms:play-services-basement:18.4.0] AndroidManifest.xml:6:9-122
86            android:name="com.google.android.gms.version"
86-->[com.google.android.gms:play-services-basement:18.4.0] AndroidManifest.xml:6:20-65
87            android:value="@integer/google_play_services_version" />
87-->[com.google.android.gms:play-services-basement:18.4.0] AndroidManifest.xml:6:66-119
88
89        <provider
89-->[androidx.emoji2:emoji2:1.3.0] AndroidManifest.xml:24:9-32:20
90            android:name="androidx.startup.InitializationProvider"
90-->[androidx.emoji2:emoji2:1.3.0] AndroidManifest.xml:25:13-67
91            android:authorities="com.planify.app.androidx-startup"
91-->[androidx.emoji2:emoji2:1.3.0] AndroidManifest.xml:26:13-68
92            android:exported="false" >
92-->[androidx.emoji2:emoji2:1.3.0] AndroidManifest.xml:27:13-37
93            <meta-data
93-->[androidx.emoji2:emoji2:1.3.0] AndroidManifest.xml:29:13-31:52
94                android:name="androidx.emoji2.text.EmojiCompatInitializer"
94-->[androidx.emoji2:emoji2:1.3.0] AndroidManifest.xml:30:17-75
95                android:value="androidx.startup" />
95-->[androidx.emoji2:emoji2:1.3.0] AndroidManifest.xml:31:17-49
96            <meta-data
96-->[androidx.lifecycle:lifecycle-process:2.8.6] AndroidManifest.xml:29:13-31:52
97                android:name="androidx.lifecycle.ProcessLifecycleInitializer"
97-->[androidx.lifecycle:lifecycle-process:2.8.6] AndroidManifest.xml:30:17-78
98                android:value="androidx.startup" />
98-->[androidx.lifecycle:lifecycle-process:2.8.6] AndroidManifest.xml:31:17-49
99            <meta-data
99-->[androidx.profileinstaller:profileinstaller:1.3.1] AndroidManifest.xml:29:13-31:52
100                android:name="androidx.profileinstaller.ProfileInstallerInitializer"
100-->[androidx.profileinstaller:profileinstaller:1.3.1] AndroidManifest.xml:30:17-85
101                android:value="androidx.startup" />
101-->[androidx.profileinstaller:profileinstaller:1.3.1] AndroidManifest.xml:31:17-49
102        </provider>
103
104        <receiver
104-->[androidx.profileinstaller:profileinstaller:1.3.1] AndroidManifest.xml:34:9-52:20
105            android:name="androidx.profileinstaller.ProfileInstallReceiver"
105-->[androidx.profileinstaller:profileinstaller:1.3.1] AndroidManifest.xml:35:13-76
106            android:directBootAware="false"
106-->[androidx.profileinstaller:profileinstaller:1.3.1] AndroidManifest.xml:36:13-44
107            android:enabled="true"
107-->[androidx.profileinstaller:profileinstaller:1.3.1] AndroidManifest.xml:37:13-35
108            android:exported="true"
108-->[androidx.profileinstaller:profileinstaller:1.3.1] AndroidManifest.xml:38:13-36
109            android:permission="android.permission.DUMP" >
109-->[androidx.profileinstaller:profileinstaller:1.3.1] AndroidManifest.xml:39:13-57
110            <intent-filter>
110-->[androidx.profileinstaller:profileinstaller:1.3.1] AndroidManifest.xml:40:13-42:29
111                <action android:name="androidx.profileinstaller.action.INSTALL_PROFILE" />
111-->[androidx.profileinstaller:profileinstaller:1.3.1] AndroidManifest.xml:41:17-91
111-->[androidx.profileinstaller:profileinstaller:1.3.1] AndroidManifest.xml:41:25-88
112            </intent-filter>
113            <intent-filter>
113-->[androidx.profileinstaller:profileinstaller:1.3.1] AndroidManifest.xml:43:13-45:29
114                <action android:name="androidx.profileinstaller.action.SKIP_FILE" />
114-->[androidx.profileinstaller:profileinstaller:1.3.1] AndroidManifest.xml:44:17-85
114-->[androidx.profileinstaller:profileinstaller:1.3.1] AndroidManifest.xml:44:25-82
115            </intent-filter>
116            <intent-filter>
116-->[androidx.profileinstaller:profileinstaller:1.3.1] AndroidManifest.xml:46:13-48:29
117                <action android:name="androidx.profileinstaller.action.SAVE_PROFILE" />
117-->[androidx.profileinstaller:profileinstaller:1.3.1] AndroidManifest.xml:47:17-88
117-->[androidx.profileinstaller:profileinstaller:1.3.1] AndroidManifest.xml:47:25-85
118            </intent-filter>
119            <intent-filter>
119-->[androidx.profileinstaller:profileinstaller:1.3.1] AndroidManifest.xml:49:13-51:29
120                <action android:name="androidx.profileinstaller.action.BENCHMARK_OPERATION" />
120-->[androidx.profileinstaller:profileinstaller:1.3.1] AndroidManifest.xml:50:17-95
120-->[androidx.profileinstaller:profileinstaller:1.3.1] AndroidManifest.xml:50:25-92
121            </intent-filter>
122        </receiver>
123
124        <service
124-->[com.google.android.datatransport:transport-backend-cct:2.3.3] AndroidManifest.xml:29:9-35:19
125            android:name="com.google.android.datatransport.runtime.backends.TransportBackendDiscovery"
125-->[com.google.android.datatransport:transport-backend-cct:2.3.3] AndroidManifest.xml:30:13-103
126            android:exported="false" >
126-->[com.google.android.datatransport:transport-backend-cct:2.3.3] AndroidManifest.xml:31:13-37
127            <meta-data
127-->[com.google.android.datatransport:transport-backend-cct:2.3.3] AndroidManifest.xml:32:13-34:39
128                android:name="backend:com.google.android.datatransport.cct.CctBackendFactory"
128-->[com.google.android.datatransport:transport-backend-cct:2.3.3] AndroidManifest.xml:33:17-94
129                android:value="cct" />
129-->[com.google.android.datatransport:transport-backend-cct:2.3.3] AndroidManifest.xml:34:17-36
130        </service>
131        <service
131-->[com.google.android.datatransport:transport-runtime:2.2.6] AndroidManifest.xml:26:9-30:19
132            android:name="com.google.android.datatransport.runtime.scheduling.jobscheduling.JobInfoSchedulerService"
132-->[com.google.android.datatransport:transport-runtime:2.2.6] AndroidManifest.xml:27:13-117
133            android:exported="false"
133-->[com.google.android.datatransport:transport-runtime:2.2.6] AndroidManifest.xml:28:13-37
134            android:permission="android.permission.BIND_JOB_SERVICE" >
134-->[com.google.android.datatransport:transport-runtime:2.2.6] AndroidManifest.xml:29:13-69
135        </service>
136
137        <receiver
137-->[com.google.android.datatransport:transport-runtime:2.2.6] AndroidManifest.xml:32:9-34:40
138            android:name="com.google.android.datatransport.runtime.scheduling.jobscheduling.AlarmManagerSchedulerBroadcastReceiver"
138-->[com.google.android.datatransport:transport-runtime:2.2.6] AndroidManifest.xml:33:13-132
139            android:exported="false" />
139-->[com.google.android.datatransport:transport-runtime:2.2.6] AndroidManifest.xml:34:13-37
140    </application>
141
142</manifest>